Using pre-set license
Built from '2020.2/release' branch; Version is '2020.2.1f1 (270dd8c3da1c) revision 2559448'; Using compiler version '192528614'; Build Type 'Release'
OS: 'Windows 10  (10.0.0) 64bit' Language: 'en' Physical Memory: 16312 MB
BatchMode: 1, IsHumanControllingUs: 0, StartBugReporterOnCrash: 0, Is64bit: 1, IsPro: 0

 COMMAND LINE ARGUMENTS:
C:\Program Files\Unity\Hub\Editor\2020.2.1f1\Editor\Unity.exe
-adb2
-batchMode
-noUpm
-name
AssetImportWorker2
-projectPath
D:/Desktop/Experimental_Game/Experimental_Game_01
-logFile
Logs/AssetImportWorker2.log
-srvPort
60767
Successfully changed project path to: D:/Desktop/Experimental_Game/Experimental_Game_01
D:/Desktop/Experimental_Game/Experimental_Game_01
Using Asset Import Pipeline V2.
Refreshing native plugins compatible for Editor in 62.91 ms, found 0 plugins.
Preloading 0 native plugins for Editor in 0.00 ms.
Initialize engine version: 2020.2.1f1 (270dd8c3da1c)
[Subsystems] Discovering subsystems at path C:/Program Files/Unity/Hub/Editor/2020.2.1f1/Editor/Data/Resources/UnitySubsystems
[Subsystems] Discovering subsystems at path D:/Desktop/Experimental_Game/Experimental_Game_01/Assets
GfxDevice: creating device client; threaded=0
Direct3D:
    Version:  Direct3D 11.0 [level 11.1]
    Renderer: NVIDIA GeForce GTX 980 Ti (ID=0x17c8)
    Vendor:   
    VRAM:     6097 MB
    Driver:   27.21.14.5671
Shader 'Universal Render Pipeline/Particles/Lit': fallback shader 'Universal Render Pipeline/Particles/SimpleLit' not found
Initialize mono
Mono path[0] = 'C:/Program Files/Unity/Hub/Editor/2020.2.1f1/Editor/Data/Managed'
Mono path[1] = 'C:/Program Files/Unity/Hub/Editor/2020.2.1f1/Editor/Data/MonoBleedingEdge/lib/mono/unityjit'
Mono config path = 'C:/Program Files/Unity/Hub/Editor/2020.2.1f1/Editor/Data/MonoBleedingEdge/etc'
Using monoOptions --debugger-agent=transport=dt_socket,embedding=1,server=y,suspend=n,address=127.0.0.1:56900
Begin MonoManager ReloadAssembly
Registering precompiled unity dll's ...
Register platform support module: C:/Program Files/Unity/Hub/Editor/2020.2.1f1/Editor/Data/PlaybackEngines/WebGLSupport/UnityEditor.WebGL.Extensions.dll
Register platform support module: C:/Program Files/Unity/Hub/Editor/2020.2.1f1/Editor/Data/PlaybackEngines/WindowsStandaloneSupport/UnityEditor.WindowsStandalone.Extensions.dll
Registered in 0.002789 seconds.
Native extension for WindowsStandalone target not found
Native extension for WebGL target not found
Refreshing native plugins compatible for Editor in 60.07 ms, found 0 plugins.
Preloading 0 native plugins for Editor in 0.00 ms.
Invoked RoslynAnalysisRunner static constructor.
RoslynAnalysisRunner will not be running.
RoslynAnalysisRunner has terminated.
Mono: successfully reloaded assembly
- Completed reload, in  2.575 seconds
Platform modules already initialized, skipping
Registering precompiled user dll's ...
Registered in 0.002228 seconds.
Begin MonoManager ReloadAssembly
Native extension for WindowsStandalone target not found
Native extension for WebGL target not found
Refreshing native plugins compatible for Editor in 55.79 ms, found 0 plugins.
Preloading 0 native plugins for Editor in 0.00 ms.
Invoked RoslynAnalysisRunner static constructor.
RoslynAnalysisRunner will not be running.
RoslynAnalysisRunner has terminated.
Mono: successfully reloaded assembly
- Completed reload, in  1.340 seconds
Platform modules already initialized, skipping
========================================================================
Worker process is ready to serve import requests
Shader 'Universal Render Pipeline/Particles/Lit': fallback shader 'Universal Render Pipeline/Particles/SimpleLit' not found
Launched and connected shader compiler UnityShaderCompiler.exe after 0.14 seconds
Refreshing native plugins compatible for Editor in 0.52 ms, found 0 plugins.
Preloading 0 native plugins for Editor in 0.00 ms.
Unloading 3265 Unused Serialized files (Serialized files now loaded: 0)
System memory in use before: 145.1 MB.
System memory in use after: 145.4 MB.

Unloading 19 unused Assets to reduce memory usage. Loaded Objects now: 3719.
Total: 3.544300 ms (FindLiveObjects: 0.499100 ms CreateObjectMapping: 0.197600 ms MarkObjects: 2.811500 ms  DeleteObjects: 0.035000 ms)

========================================================================
Received Import Request.
  path: Assets/ScriptableObjects/Agents/Default Enemy.asset
  artifactKey: Guid(d3f704fd6e6f1784f913b975fd223dad) Importer(815301076,1909f56bfc062723c751e8b465ee728b)
Start importing Assets/ScriptableObjects/Agents/Default Enemy.asset using Guid(d3f704fd6e6f1784f913b975fd223dad) Importer(815301076,1909f56bfc062723c751e8b465ee728b)  -> (artifact id: 'e6e02bc8fc655569dce443753e858543') in 0.087833 seconds
  Import took 0.099851 seconds .

========================================================================
Received Import Request.
  Time since last request: 0.085435 seconds.
  path: Assets/ScriptableObjects/Agents/Default Enemy.asset
  artifactKey: Guid(d3f704fd6e6f1784f913b975fd223dad) Importer(815301076,1909f56bfc062723c751e8b465ee728b)
Start importing Assets/ScriptableObjects/Agents/Default Enemy.asset using Guid(d3f704fd6e6f1784f913b975fd223dad) Importer(815301076,1909f56bfc062723c751e8b465ee728b)  -> (artifact id: 'e6e02bc8fc655569dce443753e858543') in 0.004171 seconds
  Import took 0.011394 seconds .

========================================================================
Received Prepare
Registering precompiled user dll's ...
Registered in 0.002811 seconds.
Begin MonoManager ReloadAssembly
Native extension for WindowsStandalone target not found
Native extension for WebGL target not found
Refreshing native plugins compatible for Editor in 0.59 ms, found 0 plugins.
Preloading 0 native plugins for Editor in 0.00 ms.
Invoked RoslynAnalysisRunner static constructor.
RoslynAnalysisRunner will not be running.
RoslynAnalysisRunner has terminated.
Mono: successfully reloaded assembly
- Completed reload, in  1.259 seconds
Platform modules already initialized, skipping
Shader 'Universal Render Pipeline/Particles/Lit': fallback shader 'Universal Render Pipeline/Particles/SimpleLit' not found
Refreshing native plugins compatible for Editor in 0.67 ms, found 0 plugins.
Preloading 0 native plugins for Editor in 0.00 ms.
Unloading 3115 Unused Serialized files (Serialized files now loaded: 0)
System memory in use before: 140.0 MB.
System memory in use after: 140.2 MB.

Unloading 10 unused Assets to reduce memory usage. Loaded Objects now: 3724.
Total: 4.194800 ms (FindLiveObjects: 0.354400 ms CreateObjectMapping: 0.124200 ms MarkObjects: 3.678900 ms  DeleteObjects: 0.035800 ms)

========================================================================
Received Prepare
Registering precompiled user dll's ...
Registered in 0.002952 seconds.
Begin MonoManager ReloadAssembly
Native extension for WindowsStandalone target not found
Native extension for WebGL target not found
Refreshing native plugins compatible for Editor in 0.74 ms, found 0 plugins.
Preloading 0 native plugins for Editor in 0.00 ms.
Invoked RoslynAnalysisRunner static constructor.
RoslynAnalysisRunner will not be running.
RoslynAnalysisRunner has terminated.
Mono: successfully reloaded assembly
- Completed reload, in  1.619 seconds
Platform modules already initialized, skipping
Shader 'Universal Render Pipeline/Particles/Lit': fallback shader 'Universal Render Pipeline/Particles/SimpleLit' not found
Refreshing native plugins compatible for Editor in 0.59 ms, found 0 plugins.
Preloading 0 native plugins for Editor in 0.00 ms.
Unloading 3115 Unused Serialized files (Serialized files now loaded: 0)
System memory in use before: 139.3 MB.
System memory in use after: 139.5 MB.

Unloading 9 unused Assets to reduce memory usage. Loaded Objects now: 3729.
Total: 5.700500 ms (FindLiveObjects: 0.611000 ms CreateObjectMapping: 0.149500 ms MarkObjects: 4.914000 ms  DeleteObjects: 0.023500 ms)

========================================================================
Received Import Request.
  Time since last request: 109.835153 seconds.
  path: Assets/ScriptableObjects/Agents/Default Enemy.asset
  artifactKey: Guid(d3f704fd6e6f1784f913b975fd223dad) Importer(815301076,1909f56bfc062723c751e8b465ee728b)
Start importing Assets/ScriptableObjects/Agents/Default Enemy.asset using Guid(d3f704fd6e6f1784f913b975fd223dad) Importer(815301076,1909f56bfc062723c751e8b465ee728b)  -> (artifact id: 'c7b10299ce49d3635b044e33bf1c398e') in 0.074571 seconds
  Import took 0.085215 seconds .

========================================================================
Received Import Request.
  Time since last request: 4.398720 seconds.
  path: Assets/ScriptableObjects/Agents/Default Enemy.asset
  artifactKey: Guid(d3f704fd6e6f1784f913b975fd223dad) Importer(815301076,1909f56bfc062723c751e8b465ee728b)
Start importing Assets/ScriptableObjects/Agents/Default Enemy.asset using Guid(d3f704fd6e6f1784f913b975fd223dad) Importer(815301076,1909f56bfc062723c751e8b465ee728b)  -> (artifact id: 'ca2289947e7402ba752ac21f527f4aa0') in 0.004969 seconds
  Import took 0.011355 seconds .

========================================================================
Received Import Request.
  Time since last request: 0.019451 seconds.
  path: Assets/ScriptableObjects/Agents/Default Enemy.asset
  artifactKey: Guid(d3f704fd6e6f1784f913b975fd223dad) Importer(815301076,1909f56bfc062723c751e8b465ee728b)
Start importing Assets/ScriptableObjects/Agents/Default Enemy.asset using Guid(d3f704fd6e6f1784f913b975fd223dad) Importer(815301076,1909f56bfc062723c751e8b465ee728b)  -> (artifact id: 'ca2289947e7402ba752ac21f527f4aa0') in 0.005164 seconds
  Import took 0.011125 seconds .

========================================================================
Received Prepare
Registering precompiled user dll's ...
Registered in 0.004025 seconds.
Begin MonoManager ReloadAssembly
Native extension for WindowsStandalone target not found
Native extension for WebGL target not found
Refreshing native plugins compatible for Editor in 0.61 ms, found 0 plugins.
Preloading 0 native plugins for Editor in 0.00 ms.
Invoked RoslynAnalysisRunner static constructor.
RoslynAnalysisRunner will not be running.
RoslynAnalysisRunner has terminated.
Mono: successfully reloaded assembly
- Completed reload, in  1.473 seconds
Platform modules already initialized, skipping
Shader 'Universal Render Pipeline/Particles/Lit': fallback shader 'Universal Render Pipeline/Particles/SimpleLit' not found
Refreshing native plugins compatible for Editor in 0.91 ms, found 0 plugins.
Preloading 0 native plugins for Editor in 0.00 ms.
Unloading 3115 Unused Serialized files (Serialized files now loaded: 0)
System memory in use before: 141.5 MB.
System memory in use after: 141.7 MB.

Unloading 10 unused Assets to reduce memory usage. Loaded Objects now: 3734.
Total: 5.521600 ms (FindLiveObjects: 0.470700 ms CreateObjectMapping: 0.151200 ms MarkObjects: 4.881600 ms  DeleteObjects: 0.016800 ms)

