Using pre-set license
Built from '2020.2/release' branch; Version is '2020.2.1f1 (270dd8c3da1c) revision 2559448'; Using compiler version '192528614'; Build Type 'Release'
OS: 'Windows 10  (10.0.0) 64bit' Language: 'en' Physical Memory: 16312 MB
BatchMode: 1, IsHumanControllingUs: 0, StartBugReporterOnCrash: 0, Is64bit: 1, IsPro: 0

 COMMAND LINE ARGUMENTS:
C:\Program Files\Unity\Hub\Editor\2020.2.1f1\Editor\Unity.exe
-adb2
-batchMode
-noUpm
-name
AssetImportWorker1
-projectPath
D:/Desktop/Experimental_Game/Experimental_Game_01
-logFile
Logs/AssetImportWorker1.log
-srvPort
49528
Successfully changed project path to: D:/Desktop/Experimental_Game/Experimental_Game_01
D:/Desktop/Experimental_Game/Experimental_Game_01
Using Asset Import Pipeline V2.
Refreshing native plugins compatible for Editor in 34.88 ms, found 0 plugins.
Preloading 0 native plugins for Editor in 0.00 ms.
Initialize engine version: 2020.2.1f1 (270dd8c3da1c)
[Subsystems] Discovering subsystems at path C:/Program Files/Unity/Hub/Editor/2020.2.1f1/Editor/Data/Resources/UnitySubsystems
[Subsystems] Discovering subsystems at path D:/Desktop/Experimental_Game/Experimental_Game_01/Assets
GfxDevice: creating device client; threaded=0
Direct3D:
    Version:  Direct3D 11.0 [level 11.1]
    Renderer: NVIDIA GeForce GTX 980 Ti (ID=0x17c8)
    Vendor:   
    VRAM:     6097 MB
    Driver:   27.21.14.5671
Initialize mono
Mono path[0] = 'C:/Program Files/Unity/Hub/Editor/2020.2.1f1/Editor/Data/Managed'
Mono path[1] = 'C:/Program Files/Unity/Hub/Editor/2020.2.1f1/Editor/Data/MonoBleedingEdge/lib/mono/unityjit'
Mono config path = 'C:/Program Files/Unity/Hub/Editor/2020.2.1f1/Editor/Data/MonoBleedingEdge/etc'
Using monoOptions --debugger-agent=transport=dt_socket,embedding=1,server=y,suspend=n,address=127.0.0.1:56668
Begin MonoManager ReloadAssembly
Registering precompiled unity dll's ...
Register platform support module: C:/Program Files/Unity/Hub/Editor/2020.2.1f1/Editor/Data/PlaybackEngines/WebGLSupport/UnityEditor.WebGL.Extensions.dll
Register platform support module: C:/Program Files/Unity/Hub/Editor/2020.2.1f1/Editor/Data/PlaybackEngines/WindowsStandaloneSupport/UnityEditor.WindowsStandalone.Extensions.dll
Registered in 0.002922 seconds.
Native extension for WindowsStandalone target not found
Native extension for WebGL target not found
Refreshing native plugins compatible for Editor in 32.66 ms, found 0 plugins.
Preloading 0 native plugins for Editor in 0.00 ms.
Invoked RoslynAnalysisRunner static constructor.
RoslynAnalysisRunner will not be running.
RoslynAnalysisRunner has terminated.
Mono: successfully reloaded assembly
- Completed reload, in  2.057 seconds
Platform modules already initialized, skipping
Registering precompiled user dll's ...
Registered in 0.002687 seconds.
Begin MonoManager ReloadAssembly
Native extension for WindowsStandalone target not found
Native extension for WebGL target not found
Refreshing native plugins compatible for Editor in 36.16 ms, found 0 plugins.
Preloading 0 native plugins for Editor in 0.00 ms.
Invoked RoslynAnalysisRunner static constructor.
RoslynAnalysisRunner will not be running.
RoslynAnalysisRunner has terminated.
Mono: successfully reloaded assembly
- Completed reload, in  1.273 seconds
Platform modules already initialized, skipping
========================================================================
Worker process is ready to serve import requests
Launched and connected shader compiler UnityShaderCompiler.exe after 0.12 seconds
Refreshing native plugins compatible for Editor in 0.32 ms, found 0 plugins.
Preloading 0 native plugins for Editor in 0.00 ms.
Unloading 1871 Unused Serialized files (Serialized files now loaded: 0)
System memory in use before: 82.1 MB.
System memory in use after: 82.2 MB.

Unloading 22 unused Assets to reduce memory usage. Loaded Objects now: 2320.
Total: 2.991100 ms (FindLiveObjects: 0.210200 ms CreateObjectMapping: 0.065800 ms MarkObjects: 2.654400 ms  DeleteObjects: 0.059900 ms)

========================================================================
Received Import Request.
  path: Assets/Materials/Other RT.mat
  artifactKey: Guid(f9099f8433acf30489b9bae329833a5a) Importer(815301076,1909f56bfc062723c751e8b465ee728b)
Start importing Assets/Materials/Other RT.mat using Guid(f9099f8433acf30489b9bae329833a5a) Importer(815301076,1909f56bfc062723c751e8b465ee728b)  -> (artifact id: 'f9621816f52b70ee6016fb9181c1f8b5') in 0.137879 seconds
  Import took 0.165940 seconds .

========================================================================
Received Import Request.
  Time since last request: 0.000784 seconds.
  path: Assets/PlayMode Tests/PlayMode Tests.asmdef
  artifactKey: Guid(9caee6c449f11734da89cb7d2e349a5c) Importer(815301076,1909f56bfc062723c751e8b465ee728b)
Start importing Assets/PlayMode Tests/PlayMode Tests.asmdef using Guid(9caee6c449f11734da89cb7d2e349a5c) Importer(815301076,1909f56bfc062723c751e8b465ee728b)  -> (artifact id: '14f35c6f563cf10b7a55d2bd4b3c5bd4') in 0.047928 seconds
  Import took 0.051207 seconds .

========================================================================
Received Import Request.
  Time since last request: 0.707432 seconds.
  path: Assets/ScriptableObjects
  artifactKey: Guid(914081c02eca2334fba876b96706c47f) Importer(815301076,1909f56bfc062723c751e8b465ee728b)
Start importing Assets/ScriptableObjects using Guid(914081c02eca2334fba876b96706c47f) Importer(815301076,1909f56bfc062723c751e8b465ee728b)  -> (artifact id: '4dba84a7bcd5a7e87a7f7717f8c51dcb') in 0.003187 seconds
  Import took 0.006928 seconds .

========================================================================
Received Import Request.
  Time since last request: 0.020007 seconds.
  path: Assets/ScriptableObjects
  artifactKey: Guid(914081c02eca2334fba876b96706c47f) Importer(815301076,1909f56bfc062723c751e8b465ee728b)
Start importing Assets/ScriptableObjects using Guid(914081c02eca2334fba876b96706c47f) Importer(815301076,1909f56bfc062723c751e8b465ee728b)  -> (artifact id: '4dba84a7bcd5a7e87a7f7717f8c51dcb') in 0.004816 seconds
  Import took 0.010113 seconds .

========================================================================
Received Import Request.
  Time since last request: 1.432938 seconds.
  path: Assets/ScriptableObjects/Agents
  artifactKey: Guid(38203a50d1b9248459a7dcf49f9a6036) Importer(815301076,1909f56bfc062723c751e8b465ee728b)
Start importing Assets/ScriptableObjects/Agents using Guid(38203a50d1b9248459a7dcf49f9a6036) Importer(815301076,1909f56bfc062723c751e8b465ee728b)  -> (artifact id: '7407aa5b4543ffef11471f596cae5868') in 0.003889 seconds
  Import took 0.007795 seconds .

========================================================================
Received Import Request.
  Time since last request: 0.038358 seconds.
  path: Assets/ScriptableObjects/Agents/Default Enemy.asset
  artifactKey: Guid(d3f704fd6e6f1784f913b975fd223dad) Importer(815301076,1909f56bfc062723c751e8b465ee728b)
Start importing Assets/ScriptableObjects/Agents/Default Enemy.asset using Guid(d3f704fd6e6f1784f913b975fd223dad) Importer(815301076,1909f56bfc062723c751e8b465ee728b)  -> (artifact id: '36eeaac4a8d5c62d8ff07aed5dc7a73f') in 0.006778 seconds
  Import took 0.010567 seconds .

========================================================================
Received Import Request.
  Time since last request: 0.000996 seconds.
  path: Assets/ScriptableObjects/Agents/Player Config.asset
  artifactKey: Guid(06af3eac4b9508a4aaaa31604aa8acb4) Importer(815301076,1909f56bfc062723c751e8b465ee728b)
Start importing Assets/ScriptableObjects/Agents/Player Config.asset using Guid(06af3eac4b9508a4aaaa31604aa8acb4) Importer(815301076,1909f56bfc062723c751e8b465ee728b)  -> (artifact id: '7c455b3bdcef1bc7190d2e166b074cec') in 0.005336 seconds
  Import took 0.009598 seconds .

========================================================================
Received Prepare
Refreshing native plugins compatible for Editor in 1.59 ms, found 0 plugins.
Preloading 0 native plugins for Editor in 0.00 ms.
Unloading 6 Unused Serialized files (Serialized files now loaded: 0)
System memory in use before: 48.5 MB.
System memory in use after: 48.6 MB.

Unloading 6 unused Assets to reduce memory usage. Loaded Objects now: 2361.
Total: 4.660100 ms (FindLiveObjects: 0.297500 ms CreateObjectMapping: 0.143200 ms MarkObjects: 4.194800 ms  DeleteObjects: 0.023300 ms)

========================================================================
Received Prepare
Registering precompiled user dll's ...
Registered in 0.002105 seconds.
Begin MonoManager ReloadAssembly
Native extension for WindowsStandalone target not found
Native extension for WebGL target not found
Refreshing native plugins compatible for Editor in 0.41 ms, found 0 plugins.
Preloading 0 native plugins for Editor in 0.00 ms.
Invoked RoslynAnalysisRunner static constructor.
RoslynAnalysisRunner will not be running.
RoslynAnalysisRunner has terminated.
Mono: successfully reloaded assembly
- Completed reload, in  1.211 seconds
Platform modules already initialized, skipping
Refreshing native plugins compatible for Editor in 0.35 ms, found 0 plugins.
Preloading 0 native plugins for Editor in 0.00 ms.
Unloading 1853 Unused Serialized files (Serialized files now loaded: 0)
System memory in use before: 85.4 MB.
System memory in use after: 85.5 MB.

Unloading 10 unused Assets to reduce memory usage. Loaded Objects now: 2368.
Total: 3.383500 ms (FindLiveObjects: 0.246700 ms CreateObjectMapping: 0.064200 ms MarkObjects: 3.044000 ms  DeleteObjects: 0.027300 ms)

========================================================================
Received Import Request.
  Time since last request: 116.238869 seconds.
  path: Assets/ScriptableObjects/Agents/Default Enemy.asset
  artifactKey: Guid(d3f704fd6e6f1784f913b975fd223dad) Importer(815301076,1909f56bfc062723c751e8b465ee728b)
Start importing Assets/ScriptableObjects/Agents/Default Enemy.asset using Guid(d3f704fd6e6f1784f913b975fd223dad) Importer(815301076,1909f56bfc062723c751e8b465ee728b)  -> (artifact id: '18f3f1401c486a6289b0533a1172dd83') in 0.064015 seconds
  Import took 0.076345 seconds .

========================================================================
Received Import Request.
  Time since last request: 0.017327 seconds.
  path: Assets/ScriptableObjects/Agents/Default Enemy.asset
  artifactKey: Guid(d3f704fd6e6f1784f913b975fd223dad) Importer(815301076,1909f56bfc062723c751e8b465ee728b)
Start importing Assets/ScriptableObjects/Agents/Default Enemy.asset using Guid(d3f704fd6e6f1784f913b975fd223dad) Importer(815301076,1909f56bfc062723c751e8b465ee728b)  -> (artifact id: '18f3f1401c486a6289b0533a1172dd83') in 0.004793 seconds
  Import took 0.009479 seconds .

========================================================================
Received Prepare
Registering precompiled user dll's ...
Registered in 0.002044 seconds.
Begin MonoManager ReloadAssembly
Native extension for WindowsStandalone target not found
Native extension for WebGL target not found
Refreshing native plugins compatible for Editor in 0.38 ms, found 0 plugins.
Preloading 0 native plugins for Editor in 0.00 ms.
Invoked RoslynAnalysisRunner static constructor.
RoslynAnalysisRunner will not be running.
RoslynAnalysisRunner has terminated.
Mono: successfully reloaded assembly
- Completed reload, in  1.166 seconds
Platform modules already initialized, skipping
Refreshing native plugins compatible for Editor in 0.34 ms, found 0 plugins.
Preloading 0 native plugins for Editor in 0.00 ms.
Unloading 1853 Unused Serialized files (Serialized files now loaded: 0)
System memory in use before: 88.0 MB.
System memory in use after: 88.1 MB.

Unloading 11 unused Assets to reduce memory usage. Loaded Objects now: 2375.
Total: 3.018100 ms (FindLiveObjects: 0.181300 ms CreateObjectMapping: 0.060300 ms MarkObjects: 2.757900 ms  DeleteObjects: 0.017500 ms)

========================================================================
Received Import Request.
  Time since last request: 46.132405 seconds.
  path: Assets/Prefabs/Enemy Agent.prefab
  artifactKey: Guid(4bd2f506062c6c3498a96ffb72708215) Importer(815301076,1909f56bfc062723c751e8b465ee728b)
Start importing Assets/Prefabs/Enemy Agent.prefab using Guid(4bd2f506062c6c3498a96ffb72708215) Importer(815301076,1909f56bfc062723c751e8b465ee728b)  -> (artifact id: '7e274a7d832b1f3943786d73ff097703') in 0.057105 seconds
  Import took 0.060897 seconds .

========================================================================
Received Import Request.
  Time since last request: 15.355543 seconds.
  path: Assets/Prefabs/Enemy Agent.prefab
  artifactKey: Guid(4bd2f506062c6c3498a96ffb72708215) Importer(815301076,1909f56bfc062723c751e8b465ee728b)
Start importing Assets/Prefabs/Enemy Agent.prefab using Guid(4bd2f506062c6c3498a96ffb72708215) Importer(815301076,1909f56bfc062723c751e8b465ee728b)  -> (artifact id: '88181af5151f75687fc6cce6a57f9d56') in 0.012689 seconds
  Import took 0.017533 seconds .

========================================================================
Received Import Request.
  Time since last request: 1.799119 seconds.
  path: Assets/Prefabs/Enemy Agent.prefab
  artifactKey: Guid(4bd2f506062c6c3498a96ffb72708215) Importer(815301076,1909f56bfc062723c751e8b465ee728b)
Start importing Assets/Prefabs/Enemy Agent.prefab using Guid(4bd2f506062c6c3498a96ffb72708215) Importer(815301076,1909f56bfc062723c751e8b465ee728b)  -> (artifact id: '02cfcaf630e6fe8144fb7365f811efe0') in 0.012180 seconds
  Import took 0.016257 seconds .

========================================================================
Received Import Request.
  Time since last request: 1.189302 seconds.
  path: Assets/Prefabs/Enemy Agent.prefab
  artifactKey: Guid(4bd2f506062c6c3498a96ffb72708215) Importer(815301076,1909f56bfc062723c751e8b465ee728b)
Start importing Assets/Prefabs/Enemy Agent.prefab using Guid(4bd2f506062c6c3498a96ffb72708215) Importer(815301076,1909f56bfc062723c751e8b465ee728b)  -> (artifact id: 'a5633ff1e16e804faaa1a3726ea64bfa') in 0.012841 seconds
  Import took 0.016621 seconds .

========================================================================
Received Import Request.
  Time since last request: 2.068621 seconds.
  path: ProjectSettings/TagManager.asset
  artifactKey: Guid(00000000000000003000000000000000) Importer(815301076,1909f56bfc062723c751e8b465ee728b)
Start importing ProjectSettings/TagManager.asset using Guid(00000000000000003000000000000000) Importer(815301076,1909f56bfc062723c751e8b465ee728b)  -> (artifact id: '1c6570bab45c9395b38b4e6e496a5cc6') in 0.005801 seconds
  Import took 0.009453 seconds .

========================================================================
Received Import Request.
  Time since last request: 0.002825 seconds.
  path: ProjectSettings/TagManager.asset
  artifactKey: Guid(00000000000000003000000000000000) Importer(815301076,1909f56bfc062723c751e8b465ee728b)
Start importing ProjectSettings/TagManager.asset using Guid(00000000000000003000000000000000) Importer(815301076,1909f56bfc062723c751e8b465ee728b)  -> (artifact id: '1c6570bab45c9395b38b4e6e496a5cc6') in 0.004530 seconds
  Import took 0.007815 seconds .

========================================================================
Received Import Request.
  Time since last request: 11.558893 seconds.
  path: Assets/Prefabs/Enemy Agent.prefab
  artifactKey: Guid(4bd2f506062c6c3498a96ffb72708215) Importer(815301076,1909f56bfc062723c751e8b465ee728b)
Start importing Assets/Prefabs/Enemy Agent.prefab using Guid(4bd2f506062c6c3498a96ffb72708215) Importer(815301076,1909f56bfc062723c751e8b465ee728b)  -> (artifact id: 'd6329f0272ecd7cf80b9dc8938d20f94') in 0.015199 seconds
  Import took 0.019676 seconds .

========================================================================
Received Prepare
Registering precompiled user dll's ...
Registered in 0.001999 seconds.
Begin MonoManager ReloadAssembly
Native extension for WindowsStandalone target not found
Native extension for WebGL target not found
Refreshing native plugins compatible for Editor in 0.33 ms, found 0 plugins.
Preloading 0 native plugins for Editor in 0.00 ms.
Invoked RoslynAnalysisRunner static constructor.
RoslynAnalysisRunner will not be running.
RoslynAnalysisRunner has terminated.
Mono: successfully reloaded assembly
- Completed reload, in  1.196 seconds
Platform modules already initialized, skipping
Refreshing native plugins compatible for Editor in 0.33 ms, found 0 plugins.
Preloading 0 native plugins for Editor in 0.00 ms.
Unloading 1853 Unused Serialized files (Serialized files now loaded: 0)
System memory in use before: 87.6 MB.
System memory in use after: 87.7 MB.

Unloading 12 unused Assets to reduce memory usage. Loaded Objects now: 2383.
Total: 3.263300 ms (FindLiveObjects: 0.179400 ms CreateObjectMapping: 0.063700 ms MarkObjects: 2.983900 ms  DeleteObjects: 0.035300 ms)

========================================================================
Received Prepare
Registering precompiled user dll's ...
Registered in 0.002942 seconds.
Begin MonoManager ReloadAssembly
Native extension for WindowsStandalone target not found
Native extension for WebGL target not found
Refreshing native plugins compatible for Editor in 0.59 ms, found 0 plugins.
Preloading 0 native plugins for Editor in 0.00 ms.
Invoked RoslynAnalysisRunner static constructor.
RoslynAnalysisRunner will not be running.
RoslynAnalysisRunner has terminated.
Mono: successfully reloaded assembly
- Completed reload, in  1.345 seconds
Platform modules already initialized, skipping
Refreshing native plugins compatible for Editor in 0.45 ms, found 0 plugins.
Preloading 0 native plugins for Editor in 0.00 ms.
Unloading 1853 Unused Serialized files (Serialized files now loaded: 0)
System memory in use before: 87.7 MB.
System memory in use after: 87.8 MB.

Unloading 10 unused Assets to reduce memory usage. Loaded Objects now: 2390.
Total: 3.182700 ms (FindLiveObjects: 0.283600 ms CreateObjectMapping: 0.080500 ms MarkObjects: 2.800400 ms  DeleteObjects: 0.016200 ms)

========================================================================
Received Prepare
Registering precompiled user dll's ...
Registered in 0.001928 seconds.
Begin MonoManager ReloadAssembly
Native extension for WindowsStandalone target not found
Native extension for WebGL target not found
Refreshing native plugins compatible for Editor in 0.34 ms, found 0 plugins.
Preloading 0 native plugins for Editor in 0.00 ms.
Invoked RoslynAnalysisRunner static constructor.
RoslynAnalysisRunner will not be running.
RoslynAnalysisRunner has terminated.
Mono: successfully reloaded assembly
- Completed reload, in  1.140 seconds
Platform modules already initialized, skipping
Refreshing native plugins compatible for Editor in 0.33 ms, found 0 plugins.
Preloading 0 native plugins for Editor in 0.00 ms.
Unloading 1853 Unused Serialized files (Serialized files now loaded: 0)
System memory in use before: 88.3 MB.
System memory in use after: 88.4 MB.

Unloading 10 unused Assets to reduce memory usage. Loaded Objects now: 2397.
Total: 3.342200 ms (FindLiveObjects: 0.191700 ms CreateObjectMapping: 0.060100 ms MarkObjects: 3.048100 ms  DeleteObjects: 0.041400 ms)

========================================================================
Received Prepare
Registering precompiled user dll's ...
Registered in 0.003111 seconds.
Begin MonoManager ReloadAssembly
Native extension for WindowsStandalone target not found
Native extension for WebGL target not found
Refreshing native plugins compatible for Editor in 0.42 ms, found 0 plugins.
Preloading 0 native plugins for Editor in 0.00 ms.
Invoked RoslynAnalysisRunner static constructor.
RoslynAnalysisRunner will not be running.
RoslynAnalysisRunner has terminated.
Mono: successfully reloaded assembly
- Completed reload, in  1.273 seconds
Platform modules already initialized, skipping
Refreshing native plugins compatible for Editor in 0.39 ms, found 0 plugins.
Preloading 0 native plugins for Editor in 0.00 ms.
Unloading 1853 Unused Serialized files (Serialized files now loaded: 0)
System memory in use before: 88.2 MB.
System memory in use after: 88.3 MB.

Unloading 10 unused Assets to reduce memory usage. Loaded Objects now: 2404.
Total: 3.443600 ms (FindLiveObjects: 0.211100 ms CreateObjectMapping: 0.116300 ms MarkObjects: 3.087900 ms  DeleteObjects: 0.026500 ms)

========================================================================
Received Import Request.
  Time since last request: 329.329697 seconds.
  path: Assets/Scripts/Agent Scripts/Agent.cs
  artifactKey: Guid(e18bbffdbb2390d46a6f4859975d94a8) Importer(815301076,1909f56bfc062723c751e8b465ee728b)
Start importing Assets/Scripts/Agent Scripts/Agent.cs using Guid(e18bbffdbb2390d46a6f4859975d94a8) Importer(815301076,1909f56bfc062723c751e8b465ee728b)  -> (artifact id: '05f2d358a426871784e60f73003b4551') in 0.009620 seconds
  Import took 0.013350 seconds .

========================================================================
Received Prepare
Registering precompiled user dll's ...
Registered in 0.002060 seconds.
Begin MonoManager ReloadAssembly
Native extension for WindowsStandalone target not found
Native extension for WebGL target not found
Refreshing native plugins compatible for Editor in 0.36 ms, found 0 plugins.
Preloading 0 native plugins for Editor in 0.00 ms.
Invoked RoslynAnalysisRunner static constructor.
RoslynAnalysisRunner will not be running.
RoslynAnalysisRunner has terminated.
Mono: successfully reloaded assembly
- Completed reload, in  1.184 seconds
Platform modules already initialized, skipping
Refreshing native plugins compatible for Editor in 0.35 ms, found 0 plugins.
Preloading 0 native plugins for Editor in 0.00 ms.
Unloading 1853 Unused Serialized files (Serialized files now loaded: 0)
System memory in use before: 88.7 MB.
System memory in use after: 88.8 MB.

Unloading 10 unused Assets to reduce memory usage. Loaded Objects now: 2411.
Total: 3.655300 ms (FindLiveObjects: 0.244500 ms CreateObjectMapping: 0.124000 ms MarkObjects: 3.258300 ms  DeleteObjects: 0.027500 ms)

========================================================================
Received Prepare
Registering precompiled user dll's ...
Registered in 0.002125 seconds.
Begin MonoManager ReloadAssembly
Native extension for WindowsStandalone target not found
Native extension for WebGL target not found
Refreshing native plugins compatible for Editor in 0.40 ms, found 0 plugins.
Preloading 0 native plugins for Editor in 0.00 ms.
Invoked RoslynAnalysisRunner static constructor.
RoslynAnalysisRunner will not be running.
RoslynAnalysisRunner has terminated.
Mono: successfully reloaded assembly
- Completed reload, in  1.173 seconds
Platform modules already initialized, skipping
Refreshing native plugins compatible for Editor in 0.35 ms, found 0 plugins.
Preloading 0 native plugins for Editor in 0.00 ms.
Unloading 1853 Unused Serialized files (Serialized files now loaded: 0)
System memory in use before: 88.0 MB.
System memory in use after: 88.1 MB.

Unloading 10 unused Assets to reduce memory usage. Loaded Objects now: 2418.
Total: 3.634000 ms (FindLiveObjects: 0.224400 ms CreateObjectMapping: 0.061400 ms MarkObjects: 3.320800 ms  DeleteObjects: 0.026200 ms)

========================================================================
Received Prepare
Registering precompiled user dll's ...
Registered in 0.002528 seconds.
Begin MonoManager ReloadAssembly
Native extension for WindowsStandalone target not found
Native extension for WebGL target not found
Refreshing native plugins compatible for Editor in 0.43 ms, found 0 plugins.
Preloading 0 native plugins for Editor in 0.00 ms.
Invoked RoslynAnalysisRunner static constructor.
RoslynAnalysisRunner will not be running.
RoslynAnalysisRunner has terminated.
Mono: successfully reloaded assembly
- Completed reload, in  1.374 seconds
Platform modules already initialized, skipping
Refreshing native plugins compatible for Editor in 0.55 ms, found 0 plugins.
Preloading 0 native plugins for Editor in 0.00 ms.
Unloading 1853 Unused Serialized files (Serialized files now loaded: 0)
System memory in use before: 88.0 MB.
System memory in use after: 88.1 MB.

Unloading 10 unused Assets to reduce memory usage. Loaded Objects now: 2425.
Total: 4.526600 ms (FindLiveObjects: 0.465000 ms CreateObjectMapping: 0.444400 ms MarkObjects: 3.596200 ms  DeleteObjects: 0.018600 ms)

========================================================================
Received Import Request.
  Time since last request: 441.713313 seconds.
  path: Assets/Scripts/Agent Scripts/AISuperSimpleMove.cs
  artifactKey: Guid(d81c776e78a499344b2748b22181c8b4) Importer(815301076,1909f56bfc062723c751e8b465ee728b)
Start importing Assets/Scripts/Agent Scripts/AISuperSimpleMove.cs using Guid(d81c776e78a499344b2748b22181c8b4) Importer(815301076,1909f56bfc062723c751e8b465ee728b)  -> (artifact id: 'a06651d35e61d545532dbb3073b5c794') in 0.005779 seconds
  Import took 0.009324 seconds .

========================================================================
Received Prepare
Registering precompiled user dll's ...
Registered in 0.002338 seconds.
Begin MonoManager ReloadAssembly
Native extension for WindowsStandalone target not found
Native extension for WebGL target not found
Refreshing native plugins compatible for Editor in 0.37 ms, found 0 plugins.
Preloading 0 native plugins for Editor in 0.00 ms.
Invoked RoslynAnalysisRunner static constructor.
RoslynAnalysisRunner will not be running.
RoslynAnalysisRunner has terminated.
Mono: successfully reloaded assembly
- Completed reload, in  1.177 seconds
Platform modules already initialized, skipping
Refreshing native plugins compatible for Editor in 0.33 ms, found 0 plugins.
Preloading 0 native plugins for Editor in 0.00 ms.
Unloading 1853 Unused Serialized files (Serialized files now loaded: 0)
System memory in use before: 88.5 MB.
System memory in use after: 88.7 MB.

Unloading 10 unused Assets to reduce memory usage. Loaded Objects now: 2432.
Total: 3.582500 ms (FindLiveObjects: 0.270900 ms CreateObjectMapping: 0.199300 ms MarkObjects: 3.085800 ms  DeleteObjects: 0.025600 ms)

========================================================================
Received Prepare
Registering precompiled user dll's ...
Registered in 0.002788 seconds.
Begin MonoManager ReloadAssembly
Native extension for WindowsStandalone target not found
Native extension for WebGL target not found
Refreshing native plugins compatible for Editor in 0.37 ms, found 0 plugins.
Preloading 0 native plugins for Editor in 0.00 ms.
Invoked RoslynAnalysisRunner static constructor.
RoslynAnalysisRunner will not be running.
RoslynAnalysisRunner has terminated.
Mono: successfully reloaded assembly
- Completed reload, in  1.359 seconds
Platform modules already initialized, skipping
Refreshing native plugins compatible for Editor in 0.39 ms, found 0 plugins.
Preloading 0 native plugins for Editor in 0.00 ms.
Unloading 1853 Unused Serialized files (Serialized files now loaded: 0)
System memory in use before: 88.6 MB.
System memory in use after: 88.7 MB.

Unloading 10 unused Assets to reduce memory usage. Loaded Objects now: 2439.
Total: 3.594500 ms (FindLiveObjects: 0.368700 ms CreateObjectMapping: 0.200300 ms MarkObjects: 3.006400 ms  DeleteObjects: 0.017800 ms)

========================================================================
Received Prepare
Registering precompiled user dll's ...
Registered in 0.002854 seconds.
Begin MonoManager ReloadAssembly
Native extension for WindowsStandalone target not found
Native extension for WebGL target not found
Refreshing native plugins compatible for Editor in 0.44 ms, found 0 plugins.
Preloading 0 native plugins for Editor in 0.00 ms.
Invoked RoslynAnalysisRunner static constructor.
RoslynAnalysisRunner will not be running.
RoslynAnalysisRunner has terminated.
Mono: successfully reloaded assembly
- Completed reload, in  1.221 seconds
Platform modules already initialized, skipping
Refreshing native plugins compatible for Editor in 0.37 ms, found 0 plugins.
Preloading 0 native plugins for Editor in 0.00 ms.
Unloading 1853 Unused Serialized files (Serialized files now loaded: 0)
System memory in use before: 88.4 MB.
System memory in use after: 88.5 MB.

Unloading 10 unused Assets to reduce memory usage. Loaded Objects now: 2446.
Total: 3.122900 ms (FindLiveObjects: 0.228200 ms CreateObjectMapping: 0.073500 ms MarkObjects: 2.796300 ms  DeleteObjects: 0.023900 ms)

========================================================================
Received Prepare
Registering precompiled user dll's ...
Registered in 0.002213 seconds.
Begin MonoManager ReloadAssembly
Native extension for WindowsStandalone target not found
Native extension for WebGL target not found
Refreshing native plugins compatible for Editor in 0.51 ms, found 0 plugins.
Preloading 0 native plugins for Editor in 0.00 ms.
Invoked RoslynAnalysisRunner static constructor.
RoslynAnalysisRunner will not be running.
RoslynAnalysisRunner has terminated.
Mono: successfully reloaded assembly
- Completed reload, in  1.464 seconds
Platform modules already initialized, skipping
Refreshing native plugins compatible for Editor in 0.37 ms, found 0 plugins.
Preloading 0 native plugins for Editor in 0.00 ms.
Unloading 1853 Unused Serialized files (Serialized files now loaded: 0)
System memory in use before: 88.6 MB.
System memory in use after: 88.7 MB.

Unloading 10 unused Assets to reduce memory usage. Loaded Objects now: 2453.
Total: 3.390300 ms (FindLiveObjects: 0.193800 ms CreateObjectMapping: 0.063800 ms MarkObjects: 3.101900 ms  DeleteObjects: 0.029800 ms)

